[    4434ms] [ERROR] Failed to load resource: the server responded with a status of 404 () @ https://rehan-tour-travel-prototype.vercel.app/about?_rsc=34tdv:0
[    4445ms] [ERROR] Failed to load resource: the server responded with a status of 404 () @ https://rehan-tour-travel-prototype.vercel.app/fleet?_rsc=34tdv:0
[    4488ms] [ERROR] Failed to load resource: the server responded with a status of 404 () @ https://rehan-tour-travel-prototype.vercel.app/privacy?_rsc=34tdv:0
[    4527ms] [ERROR] Failed to load resource: the server responded with a status of 404 () @ https://rehan-tour-travel-prototype.vercel.app/terms?_rsc=34tdv:0
[ 2073790ms] [ERROR] Failed to load resource: the server responded with a status of 404 () @ https://rehan-tour-travel-prototype.vercel.app/about?_rsc=juyb8:0
[ 2083630ms] [ERROR] Failed to load resource: the server responded with a status of 404 () @ https://rehan-tour-travel-prototype.vercel.app/terms?_rsc=le8wj:0
[ 2083631ms] [ERROR] Failed to load resource: the server responded with a status of 404 () @ https://rehan-tour-travel-prototype.vercel.app/privacy?_rsc=le8wj:0
[ 2117807ms] [ERROR] Failed to load resource: the server responded with a status of 500 () @ https://rehan-tour-travel-prototype.vercel.app/api/driver/location:0
[ 2121223ms] [ERROR] Failed to load resource: the server responded with a status of 500 () @ https://rehan-tour-travel-prototype.vercel.app/api/driver/location:0
[ 2125955ms] [ERROR] Failed to load resource: the server responded with a status of 500 () @ https://rehan-tour-travel-prototype.vercel.app/api/driver/location:0
[ 2132411ms] [ERROR] Failed to load resource: the server responded with a status of 500 () @ https://rehan-tour-travel-prototype.vercel.app/api/driver/location:0
[ 2135935ms] [ERROR] Failed to load resource: the server responded with a status of 500 () @ https://rehan-tour-travel-prototype.vercel.app/api/driver/location:0
[ 2141031ms] [ERROR] Failed to load resource: the server responded with a status of 500 () @ https://rehan-tour-travel-prototype.vercel.app/api/driver/location:0
[ 2147441ms] [ERROR] Failed to load resource: the server responded with a status of 500 () @ https://rehan-tour-travel-prototype.vercel.app/api/driver/location:0
[ 2150948ms] [ERROR] Failed to load resource: the server responded with a status of 500 () @ https://rehan-tour-travel-prototype.vercel.app/api/driver/location:0
[ 2155957ms] [ERROR] Failed to load resource: the server responded with a status of 500 () @ https://rehan-tour-travel-prototype.vercel.app/api/driver/location:0
[ 2162485ms] [ERROR] Failed to load resource: the server responded with a status of 500 () @ https://rehan-tour-travel-prototype.vercel.app/api/driver/location:0
[ 2165943ms] [ERROR] Failed to load resource: the server responded with a status of 500 () @ https://rehan-tour-travel-prototype.vercel.app/api/driver/location:0
[ 2170956ms] [ERROR] Failed to load resource: the server responded with a status of 500 () @ https://rehan-tour-travel-prototype.vercel.app/api/driver/location:0
[ 2177405ms] [ERROR] Failed to load resource: the server responded with a status of 500 () @ https://rehan-tour-travel-prototype.vercel.app/api/driver/location:0
[ 2181013ms] [ERROR] Failed to load resource: the server responded with a status of 500 () @ https://rehan-tour-travel-prototype.vercel.app/api/driver/location:0
[ 2185974ms] [ERROR] Failed to load resource: the server responded with a status of 500 () @ https://rehan-tour-travel-prototype.vercel.app/api/driver/location:0
[ 2191161ms] [ERROR] Failed to load resource: the server responded with a status of 500 () @ https://rehan-tour-travel-prototype.vercel.app/api/driver/location:0
[ 2195937ms] [ERROR] Failed to load resource: the server responded with a status of 500 () @ https://rehan-tour-travel-prototype.vercel.app/api/driver/location:0
[ 2200937ms] [ERROR] Failed to load resource: the server responded with a status of 500 () @ https://rehan-tour-travel-prototype.vercel.app/api/driver/location:0
[ 2207395ms] [ERROR] Failed to load resource: the server responded with a status of 500 () @ https://rehan-tour-travel-prototype.vercel.app/api/driver/location:0
[ 2210947ms] [ERROR] Failed to load resource: the server responded with a status of 500 () @ https://rehan-tour-travel-prototype.vercel.app/api/driver/location:0
[ 2215950ms] [ERROR] Failed to load resource: the server responded with a status of 500 () @ https://rehan-tour-travel-prototype.vercel.app/api/driver/location:0
[ 2222445ms] [ERROR] Failed to load resource: the server responded with a status of 500 () @ https://rehan-tour-travel-prototype.vercel.app/api/driver/location:0
[ 2225988ms] [ERROR] Failed to load resource: the server responded with a status of 500 () @ https://rehan-tour-travel-prototype.vercel.app/api/driver/location:0
[ 2230974ms] [ERROR] Failed to load resource: the server responded with a status of 500 () @ https://rehan-tour-travel-prototype.vercel.app/api/driver/location:0
[ 2237431ms] [ERROR] Failed to load resource: the server responded with a status of 500 () @ https://rehan-tour-travel-prototype.vercel.app/api/driver/location:0
[ 2240911ms] [ERROR] Failed to load resource: the server responded with a status of 500 () @ https://rehan-tour-travel-prototype.vercel.app/api/driver/location:0
[ 2245970ms] [ERROR] Failed to load resource: the server responded with a status of 500 () @ https://rehan-tour-travel-prototype.vercel.app/api/driver/location:0
[ 2252401ms] [ERROR] Failed to load resource: the server responded with a status of 500 () @ https://rehan-tour-travel-prototype.vercel.app/api/driver/location:0
[ 2255947ms] [ERROR] Failed to load resource: the server responded with a status of 500 () @ https://rehan-tour-travel-prototype.vercel.app/api/driver/location:0
[ 2260952ms] [ERROR] Failed to load resource: the server responded with a status of 500 () @ https://rehan-tour-travel-prototype.vercel.app/api/driver/location:0
[ 2267425ms] [ERROR] Failed to load resource: the server responded with a status of 500 () @ https://rehan-tour-travel-prototype.vercel.app/api/driver/location:0
[ 2270945ms] [ERROR] Failed to load resource: the server responded with a status of 500 () @ https://rehan-tour-travel-prototype.vercel.app/api/driver/location:0
[ 2275960ms] [ERROR] Failed to load resource: the server responded with a status of 500 () @ https://rehan-tour-travel-prototype.vercel.app/api/driver/location:0
[ 2282398ms] [ERROR] Failed to load resource: the server responded with a status of 500 () @ https://rehan-tour-travel-prototype.vercel.app/api/driver/location:0
[ 2285914ms] [ERROR] Failed to load resource: the server responded with a status of 500 () @ https://rehan-tour-travel-prototype.vercel.app/api/driver/location:0
[ 2290963ms] [ERROR] Failed to load resource: the server responded with a status of 500 () @ https://rehan-tour-travel-prototype.vercel.app/api/driver/location:0
[ 2297443ms] [ERROR] Failed to load resource: the server responded with a status of 500 () @ https://rehan-tour-travel-prototype.vercel.app/api/driver/location:0
[ 2300951ms] [ERROR] Failed to load resource: the server responded with a status of 500 () @ https://rehan-tour-travel-prototype.vercel.app/api/driver/location:0
[ 2306001ms] [ERROR] Failed to load resource: the server responded with a status of 500 () @ https://rehan-tour-travel-prototype.vercel.app/api/driver/location:0
[ 2312405ms] [ERROR] Failed to load resource: the server responded with a status of 500 () @ https://rehan-tour-travel-prototype.vercel.app/api/driver/location:0
[ 2315946ms] [ERROR] Failed to load resource: the server responded with a status of 500 () @ https://rehan-tour-travel-prototype.vercel.app/api/driver/location:0
[ 2320966ms] [ERROR] Failed to load resource: the server responded with a status of 500 () @ https://rehan-tour-travel-prototype.vercel.app/api/driver/location:0
[ 2327392ms] [ERROR] Failed to load resource: the server responded with a status of 500 () @ https://rehan-tour-travel-prototype.vercel.app/api/driver/location:0
[ 2330933ms] [ERROR] Failed to load resource: the server responded with a status of 500 () @ https://rehan-tour-travel-prototype.vercel.app/api/driver/location:0
[ 2336011ms] [ERROR] Failed to load resource: the server responded with a status of 500 () @ https://rehan-tour-travel-prototype.vercel.app/api/driver/location:0
[ 2342491ms] [ERROR] Failed to load resource: the server responded with a status of 500 () @ https://rehan-tour-travel-prototype.vercel.app/api/driver/location:0
[ 2345954ms] [ERROR] Failed to load resource: the server responded with a status of 500 () @ https://rehan-tour-travel-prototype.vercel.app/api/driver/location:0
[ 2350969ms] [ERROR] Failed to load resource: the server responded with a status of 500 () @ https://rehan-tour-travel-prototype.vercel.app/api/driver/location:0
[ 2357383ms] [ERROR] Failed to load resource: the server responded with a status of 500 () @ https://rehan-tour-travel-prototype.vercel.app/api/driver/location:0
[ 2360974ms] [ERROR] Failed to load resource: the server responded with a status of 500 () @ https://rehan-tour-travel-prototype.vercel.app/api/driver/location:0
[ 2365971ms] [ERROR] Failed to load resource: the server responded with a status of 500 () @ https://rehan-tour-travel-prototype.vercel.app/api/driver/location:0
[ 2372341ms] [ERROR] Failed to load resource: the server responded with a status of 500 () @ https://rehan-tour-travel-prototype.vercel.app/api/driver/location:0
[ 2375948ms] [ERROR] Failed to load resource: the server responded with a status of 500 () @ https://rehan-tour-travel-prototype.vercel.app/api/driver/location:0
[ 2380974ms] [ERROR] Failed to load resource: the server responded with a status of 500 () @ https://rehan-tour-travel-prototype.vercel.app/api/driver/location:0
[ 2387412ms] [ERROR] Failed to load resource: the server responded with a status of 500 () @ https://rehan-tour-travel-prototype.vercel.app/api/driver/location:0
[ 2390979ms] [ERROR] Failed to load resource: the server responded with a status of 500 () @ https://rehan-tour-travel-prototype.vercel.app/api/driver/location:0
[ 2395962ms] [ERROR] Failed to load resource: the server responded with a status of 500 () @ https://rehan-tour-travel-prototype.vercel.app/api/driver/location:0
[ 2402459ms] [ERROR] Failed to load resource: the server responded with a status of 500 () @ https://rehan-tour-travel-prototype.vercel.app/api/driver/location:0
[ 2405970ms] [ERROR] Failed to load resource: the server responded with a status of 500 () @ https://rehan-tour-travel-prototype.vercel.app/api/driver/location:0
[ 2410994ms] [ERROR] Failed to load resource: the server responded with a status of 500 () @ https://rehan-tour-travel-prototype.vercel.app/api/driver/location:0
[ 2417381ms] [ERROR] Failed to load resource: the server responded with a status of 500 () @ https://rehan-tour-travel-prototype.vercel.app/api/driver/location:0
[ 2420958ms] [ERROR] Failed to load resource: the server responded with a status of 500 () @ https://rehan-tour-travel-prototype.vercel.app/api/driver/location:0
[ 2425969ms] [ERROR] Failed to load resource: the server responded with a status of 500 () @ https://rehan-tour-travel-prototype.vercel.app/api/driver/location:0
[ 2432441ms] [ERROR] Failed to load resource: the server responded with a status of 500 () @ https://rehan-tour-travel-prototype.vercel.app/api/driver/location:0
[ 2435942ms] [ERROR] Failed to load resource: the server responded with a status of 500 () @ https://rehan-tour-travel-prototype.vercel.app/api/driver/location:0
[ 2440950ms] [ERROR] Failed to load resource: the server responded with a status of 500 () @ https://rehan-tour-travel-prototype.vercel.app/api/driver/location:0
[ 2447497ms] [ERROR] Failed to load resource: the server responded with a status of 500 () @ https://rehan-tour-travel-prototype.vercel.app/api/driver/location:0
[ 2450965ms] [ERROR] Failed to load resource: the server responded with a status of 500 () @ https://rehan-tour-travel-prototype.vercel.app/api/driver/location:0
[ 2456063ms] [ERROR] Failed to load resource: the server responded with a status of 500 () @ https://rehan-tour-travel-prototype.vercel.app/api/driver/location:0
[ 2462386ms] [ERROR] Failed to load resource: the server responded with a status of 500 () @ https://rehan-tour-travel-prototype.vercel.app/api/driver/location:0
[ 2465954ms] [ERROR] Failed to load resource: the server responded with a status of 500 () @ https://rehan-tour-travel-prototype.vercel.app/api/driver/location:0
[ 2470967ms] [ERROR] Failed to load resource: the server responded with a status of 500 () @ https://rehan-tour-travel-prototype.vercel.app/api/driver/location:0
[ 2477510ms] [ERROR] Failed to load resource: the server responded with a status of 500 () @ https://rehan-tour-travel-prototype.vercel.app/api/driver/location:0
[ 2480960ms] [ERROR] Failed to load resource: the server responded with a status of 500 () @ https://rehan-tour-travel-prototype.vercel.app/api/driver/location:0
[ 2485958ms] [ERROR] Failed to load resource: the server responded with a status of 500 () @ https://rehan-tour-travel-prototype.vercel.app/api/driver/location:0
[ 2492378ms] [ERROR] Failed to load resource: the server responded with a status of 500 () @ https://rehan-tour-travel-prototype.vercel.app/api/driver/location:0
[ 2495974ms] [ERROR] Failed to load resource: the server responded with a status of 500 () @ https://rehan-tour-travel-prototype.vercel.app/api/driver/location:0
[ 2500982ms] [ERROR] Failed to load resource: the server responded with a status of 500 () @ https://rehan-tour-travel-prototype.vercel.app/api/driver/location:0
[ 2507466ms] [ERROR] Failed to load resource: the server responded with a status of 500 () @ https://rehan-tour-travel-prototype.vercel.app/api/driver/location:0
[ 2510944ms] [ERROR] Failed to load resource: the server responded with a status of 500 () @ https://rehan-tour-travel-prototype.vercel.app/api/driver/location:0
[ 2515998ms] [ERROR] Failed to load resource: the server responded with a status of 500 () @ https://rehan-tour-travel-prototype.vercel.app/api/driver/location:0
[ 2522563ms] [ERROR] Failed to load resource: the server responded with a status of 500 () @ https://rehan-tour-travel-prototype.vercel.app/api/driver/location:0
[ 2526003ms] [ERROR] Failed to load resource: the server responded with a status of 500 () @ https://rehan-tour-travel-prototype.vercel.app/api/driver/location:0
[ 2531003ms] [ERROR] Failed to load resource: the server responded with a status of 500 () @ https://rehan-tour-travel-prototype.vercel.app/api/driver/location:0
[ 2537418ms] [ERROR] Failed to load resource: the server responded with a status of 500 () @ https://rehan-tour-travel-prototype.vercel.app/api/driver/location:0
[ 2540949ms] [ERROR] Failed to load resource: the server responded with a status of 500 () @ https://rehan-tour-travel-prototype.vercel.app/api/driver/location:0
[ 2546025ms] [ERROR] Failed to load resource: the server responded with a status of 500 () @ https://rehan-tour-travel-prototype.vercel.app/api/driver/location:0
[ 2552368ms] [ERROR] Failed to load resource: the server responded with a status of 500 () @ https://rehan-tour-travel-prototype.vercel.app/api/driver/location:0
[ 2555956ms] [ERROR] Failed to load resource: the server responded with a status of 500 () @ https://rehan-tour-travel-prototype.vercel.app/api/driver/location:0
